[    1487ms] [WARNING] Google Deploy of the SharedId library has been deprecated. Please select another option in the GAM UI. If you use Prebid, we suggest the Prebid.js UserId option. If you do not, you may configure GAM to allow Google to share a first party user identifier with OB and AB participants, which is either the publisherProvidedId or the __gads value when that is missing. @ https://cdn.jsdelivr.net/gh/prebid/shared-id/pubcid.js/docs/pubcid.min.js:0
[    1578ms] [WARNING] [GPT] Using deprecated googletag.encryptedSignalProviders. Please use googletag.secureSignalProviders instead.
https://goo.gle/gpt-message#155 @ https://securepubads.g.doubleclick.net/pagead/managed/js/gpt/m202602040101/pubads_impl.js?cb=31096637:18
[    1586ms] [WARNING] [GPT] Using deprecated googletag.encryptedSignalProviders. Please use googletag.secureSignalProviders instead.
https://goo.gle/gpt-message#155 @ https://securepubads.g.doubleclick.net/pagead/managed/js/gpt/m202602040101/pubads_impl.js?cb=31096637:18
[    1728ms] [WARNING] This page is using the deprecated ResourceLoader module "skin.fandomdesktop.styles".
[1.43] The use of the `interface-message-box` feature with SkinModule is deprecated in favor of CodexModule. Please remove this feature.More information can be found at [[mw:Manual:ResourceLoaderSkinModule]].  @ https://koei.fandom.com/wiki/L'Empereur/Officer_List:5583
[    1760ms] [WARNING] [GPT] Using deprecated googletag.encryptedSignalProviders. Please use googletag.secureSignalProviders instead.
https://goo.gle/gpt-message#155 @ https://securepubads.g.doubleclick.net/pagead/managed/js/gpt/m202602040101/pubads_impl.js?cb=31096637:18
[    1884ms] [WARNING] This page is using the deprecated ResourceLoader module "mediawiki.Uri".
[1.43] Please use browser native URL. @ https://koei.fandom.com/load.php?cb=20220104181506&lang=en&modules=startup&only=scripts&raw=1&skin=fandomdesktop:0
[    2578ms] [ERROR] Failed to load resource: the server responded with a status of 400 () @ https://services.fandom.com/active-data-management-service/profiles?cb=1770856151238:0
[    2578ms] [ERROR] logErrorEvent {client: silver-surfer, clientVersion: 3a78e60eff7, name: https://services.fandom.com/active-data-management-service/profiles?cb=1770856151238, data: Object} @ https://static.wikia.nocookie.net/silversurfer/prod/latest/sdk.js:0
[    4760ms] InstanceNotAvailable: jwplayer: player instance not available
    at JwPlayer.bootstrapPlayer (https://koei.fandom.com/load.php?lang=en&modules=ext.fandom.HighlightToAction.js%2Cmessages%7Cext.fandom.ImageGalleryIconModuleInit.js%7Cext.fandom.Lightbox.js%7Cext.fandom.Sentry.loader.js%7Cext.fandom.ServerSideExperiments.js%7Cext.fandom.SilverSurferLoader.trackingWelcomeTool.js%7Cext.fandom.SuggestedPages.js%7Cext.fandom.Tabber.js%7Cext.fandom.Thumbnails.js%2Cmessages%7Cext.fandom.TimeAgoMessaging.js%7Cext.fandom.Track.js%7Cext.fandom.UncrawlableUrl.anchors.js%7Cext.fandom.ae.consentQueue.js%7Cext.fandom.bannerNotifications.js%2Cmessages%7Cext.fandom.bannerNotifications.techUpdateBanner.js%7Cext.fandom.nositenotice.js%7Cext.fandom.performanceMonitoring.js%7CfandomRequire.js%7Cfeatured-video-cookies-CgH6tqzM.js%7Cfetch-CLEr5N3w.js%7Cfirst-D5F7QzLr.js%7CfloatingScroll.js%7Cgeo-CJDOL6aW.js%7CgetAnyClipWidgetName-DoOWeh7z.js%7CgetExperimentState-BM1HoR4p.js%7CgetItemThumbnailUrl-Dn-yT22W.js%7CgetUnreadNotificationsTotal-DxFo52Je.js%7Cindex-BLBEKd-X.js%7Cindex-BLudW1Ik.js%7Cindex-BUbqVfk1.js%7Cindex-C-Pijdev.js%7Cindex-C-p-W9dF.js%7Cindex-CBHEx9lS.js%7Cindex-CG4aHpG-.js%7Cindex-CdFEHEfm.js%7Cindex-CfLllffC.js%7Cindex-ChttCnbJ.js%7Cindex-Crx1YJIV.js%7Cindex-DTqYg78v.js%7Cindex-DazA-C_D.js%7Cindex-DvfjCoGO.js%7Cindex-DwLzB8vM.js%7Cindex-ZloYmvmG.js%7Cindex-gVf2G9FK.js%7Cindex-jim3cHVV.js%7Cindex-nMKb_hJG.js%7Cinit-bI_ngNb3.js%7CinitFeaturedVideo-Dqa9Ufcg.js%7CinitPanel-BkHBz0BA.js%7CinitSearchApp-NfNm4VpE.js%7CinitVideoPerformanceMarks-Dsh3IQJ7.js%7CinitializeFandomAds-kqAXzADD.js%7CisInViewport-COEvKgGj.js%7Cjquery%7Cjquery-BjFuOzD4.js%7Cjquery.client%2CtextSelection%7CjqueryFandomExtensions-Cjor3_Zn.js%7Cjs.cookie-BsVx4kCt.js%7ClazyModules-BQPsc3bJ.js%7ClightboxAds-jqvX9zkA.js%7Cload-B-HR9-cN.js%7Cmediawiki.String%2CTitle%2CUri%2Capi%2Cbase%2Ccldr%2Ccookie%2CjqueryMsg%2Clanguage%2Cstorage%2Cuser%2Cutil%7Cmediawiki.editfont.styles%7Cmediawiki.libs.pluralruleparser%7Cmediawiki.page.ready%7Cmustache-DBEtaZBl.js%7Cnirvana-CF2LOj1N.js%7CofType-cum6nKD-.js&skin=fandomdesktop&version=jrgaf:104:42229)
[    5949ms] [ERROR] Attestation check for Shared Storage on https://www.googleadservices.com failed. @ https://www.googleadservices.com/pagead/managed/js/activeview/current/reach_worklet.html:0
[    5958ms] [ERROR] Attestation check for Shared Storage on https://www.googleadservices.com failed. @ https://www.googleadservices.com/pagead/managed/js/activeview/current/reach_worklet.html:0
[    5959ms] [ERROR] Attestation check for Shared Storage on https://www.googleadservices.com failed. @ https://www.googleadservices.com/pagead/managed/js/activeview/current/reach_worklet.html:0
[    5994ms] [WARNING] Canvas2D: Multiple readback operations using getImageData are faster with the willReadFrequently attribute set to true. See: https://html.spec.whatwg.org/multipage/canvas.html#concept-canvas-will-read-frequently @ https://cdn.jwplayer.com/libraries/PmDJ5b8g.js:10
[    5949ms] [ERROR] Attestation check for Shared Storage on https://www.googleadservices.com failed. @ https://www.googleadservices.com/pagead/managed/js/activeview/current/reach_worklet.html:0
[    5958ms] [ERROR] Attestation check for Shared Storage on https://www.googleadservices.com failed. @ https://www.googleadservices.com/pagead/managed/js/activeview/current/reach_worklet.html:0
[    5959ms] [ERROR] Attestation check for Shared Storage on https://www.googleadservices.com failed. @ https://www.googleadservices.com/pagead/managed/js/activeview/current/reach_worklet.html:0
[    6148ms] [ERROR] Attestation check for Shared Storage on https://www.googleadservices.com failed. @ https://www.googleadservices.com/pagead/managed/js/activeview/current/reach_worklet.html:0
[    6275ms] [ERROR] Refused to execute script from 'https://jadserve.postrelease.com/suid/102047?vk=2-08b6f2cda9de4d689864b842e527b952&gdpr=0&gdpr_consent=null&ntv_gpp_consent=undefined&ntv_r=https%3a%2f%2fcapi.connatix.com%2fcore%2fus%3fDemandPartner%3d75%26UserId%3d2-08b6f2cda9de4d689864b842e527b952%26DemandPartnerName%3dNativo%26tier%3d1%26DemandPartnerUserId%3DNTV_USER_ID' because its MIME type ('image/gif') is not executable. @ https://koei.fandom.com/wiki/L'Empereur/Officer_List:0
[    6282ms] [ERROR] Syncing cannot be made with  https://jadserve.postrelease.com/suid/102047?vk=2-08b6f2cda9de4d689864b842e527b952&gdpr=0&gdpr_consent=null&ntv_gpp_consent=undefined&ntv_r=https%3a%2f%2fcapi.connatix.com%2fcore%2fus%3fDemandPartner%3d75%26UserId%3d2-08b6f2cda9de4d689864b842e527b952%26DemandPartnerName%3dNativo%26tier%3d1%26DemandPartnerUserId%3DNTV_USER_ID @ https://cds.connatix.com/p/172763922/cSyncRemote.js:0
[    6750ms] [ERROR] Refused to execute script from 'https://eb2.3lift.com/getuid?gpp=undefined&gpp_sid=undefined&gdpr=0&gdpr_consent=null&us_privacy=null&redir=https%3a%2f%2fcks.connatix.com%2fcks%3fpid%3d25%26ev%3d2-08b6f2cda9de4d689864b842e527b952%26pname%3dTripleLift%26api-tier%3d1%26uid%3d%24UID' because its MIME type ('image/gif') is not executable. @ https://koei.fandom.com/wiki/L'Empereur/Officer_List:0
[    6750ms] [ERROR] Syncing cannot be made with  https://eb2.3lift.com/getuid?gpp=undefined&gpp_sid=undefined&gdpr=0&gdpr_consent=null&us_privacy=null&redir=https%3a%2f%2fcks.connatix.com%2fcks%3fpid%3d25%26ev%3d2-08b6f2cda9de4d689864b842e527b952%26pname%3dTripleLift%26api-tier%3d1%26uid%3d%24UID @ https://cds.connatix.com/p/172763922/cSyncRemote.js:0
[    7246ms] [ERROR] Failed to load resource: net::ERR_NAME_NOT_RESOLVED @ https://bid.g.doubleclick.net/dbm/vast?dbm_c=AKAmf-C0ubXAUQpL7gnca_QFopm6SwTdgxRJVzXNtv8CLzMj7iww4OSyB2T0Cm0m1ZnMztNgZH79CcHxQy8OMclZE4WiWSKVZA&dbm_d=AKAmf-BR3iW1cgJ_sIOOJN1x1WKJN896akCVDkStNV0lSwsssannbU0UCqFRD3vZul9TbXN-8pQq5lbir73YVShAuDgMDW-QD6dCeRrejIOpRUgpSQgvOgr7hNRRNJk6XJSRxz77Fl_e9GccDmaRrftfQfwNYtenJ1vUBt7GYH4Pifod3EuN3LAqrPlW2cn_gF7FsXuZRzGMgkCJ7uNo0QQPGRpj2yEIOy_bcYEimNJ9-3sav7On-xVoCjIlkGI2GQS6Qf0jhFD4_BY1aBhhNJ6c3JtfOXlMBFx9CinUnSkJWPGroh3_G9MxqaRmblYNm7rX0bzG96sIdkQ2ZdMj_SqaV2wqWbjVVtxW_auNNGed8XMs2dAAhpmKEoEVNRoY7szbtoE8PWzlTyTNzCTEDz6lPYCyJHylo6IfrQvTvBagFvPlwF_1y9xuuYJs7ICs6oHdHQqd3b3EbwPrdpiUYNvkBf4bLpLs_Ef87nL1TYfe4JL98HHuYBKiADAxLHp8zXyp001l4nUdhSOgrNEY-Gb5q9dg1zM5ZfFoAhr61CtDn3xYtlibGnabtlsJio5NXxSLEPLaC6M3IzRFLG5JqTQmzLVG8C-SEOp-22S8GAxEWXFhYB-KskIfKl5eUtJABKPbs3EH1xveew1edTR_7w_vj1kHDS8Xn-usJ86EbACby3uT93vMjhGUBFjQTQ1tKomRwh1y9P-F6RaqLLLc3y3rna8xfnnKTGDAgSFjByRMhOSjFJxerqUuZR9hLtMYQ2M0hHYCZVeWLjbiwMAe7yMiMJN1_GyzHzzWOirFBs87T5w8gyzO72CcxQgRIhN-akdiGVHtppFmylg0k_ssDw8rvGtjnD8Sn3HrRdPQseIwZwXWUqOXnPqeLt2F39y5R6N3f5iEjKglgdZDAkM2gyCZV8SYMxms0_Tyu81vZ0No9toUNQzNM3z_3IPPS3ENXpvLfoxe93oJ7LFKqKfD1vTqcrcM9ybLhlQFXSDLq9rFUryUDHxN-N-Qp5-5dLC6-N5h0KTJ0Q2f2zTTy3VhTMEVnhxaYlJ5-D5y6X5vSrXhLvRoinj4t81FfWDFVN1tEHIX9dZJRfEz4ezP_JjO1DNjBvwONZNhkKcR17DdeC5F07HMdeXk04DwjlKOuKsTyMVP9N0AQN14LrUHEUrinuBQrEfRhIS-CKuf2V6sQOZdsx6p8ShVosaVmw5JNAzOKeSgQelqU1qewXFK-x4n3K_fcHjx19ycCZfvdG2r7QpIiGIuwXYr0rIZ4g_mlRdXLHIpmMz_ShBD7pJPsXIUtwdi0nV80vcr-vjQySzdsaUG4MgEp0YD55hr7ez5p9jNvtAZTYGbpq6L8HZWzLlHdf8A0WCaL6mTgWLdk05qoLbn6DtiVRPHfV_u9vwHz85cXLHFNlgb-pvw5cjX6qVDWGnrsySIURh6w0d2qxTIsNfaR8wNufcs5Vbom2C8gJT3MzYiwZSyLMbz_A4zXUm1izgL-D7BNC6kgX1c7t_pMeweoYAWibNDIRHOVGSD1g70cxVGXly4Kn1CGHBAgFhm0_zaVaxnzJj3uOsQgV18sbmHi5EiYFz4HgmnYn9udyET3T6qoDe8WX0xPgWFMuF7UbDYCEhqtL6liGFGafryO7FDiBEe4IKXscsTCBPKVUmALaUxJ__5a21AcOpH4J_hKgsuPWhlLQKXaMtiHvuhaiVvpL3qro08CXl6ViAicDegMs6i6t1FVPXlbYfXfhU10TkubWNrRpTo2XIeW0_OGysVSlAWv-YyvgicpG7VJAHPCamgoAr8N1rPQNzyP7DmGbutqIUdEkXJjUoSena-5cFuL8ZBdGHYF0mqTFePwP_gv42reob-D3lR7NT8lFwEzhkGx4W4um1dX6Njlvs5VQWys4YykBnh4HsxLLWfo1Yb03tbTmX7kV3v0Xri_nHFs9pCaizzYfElJEdu9GF36aH2rXDrNfq_2WfWiROOZ-pgnTM5caOMI5UjcsYGibhvFV1Xfc4KnyZCKFbH5yOS_9ssp-V74oOkn40HJUdZK0DIuww7uIUH6aNvlJ7_cbYVuWsFm-6s6YQWfZSgxqVeXA5iJgFkTLa9WqxLRdBcDGb8UBto2re_J6Z2KbtohaHViIKIbF8sqVsePkvzPH_P0pG54ZZU_3X67h7c_XfvudmtNTH6TSwT9hdXAWlR4ldDY0JDuyuY-oxxBvAXdFE6OYml3mYnFHPsTvVxvKHZNRwRzbYTMw2NEzEedRc_S0R9Z5nSD8Oo_ZYv-v31nG_LPoglpWeuqIuhBu2Yp2rEjiiwaY93R-kB6AiGfoPQWCc8yXvlR_0lPng3Djlruv4IykB3cNYIojocD2TZlwa1v_k0Pp-PMMBFXxuZlhZZMqWv32LTT5E8COCIPOe7FgEtQXPv9zNu5N6oJpwNiZwM_ZIHKJYRTZ9r05qaLmNGe72JiFSX61HKDaNXRkCRWzASURU0pSfqA803KGGqphFJEtwqISgcYTbbhsYd3ROy0lM0qPXy0q_NPXBMuaDCOxfPbZ_yW9Jb8Fw3lorD8HLUskRlUNK0ORySUWk4WGYVZwYeQYYKC0G_yFMG-NA0d1CtKP6dYz0yu3jA5zGTmOMVKI71L61fK4tMcs24flYpsCmG85awSSYWC7xjVmzcZFwhjdr5IFVxrjVcCIbpRv7hbHfYCAQRV-ExByq0qXCWpd0ThHfwYi1mKIyg_BwmCAAHDCqy1K49_6aOQO5YJ9GcUBmM3q5A0l8sn6ZTyUwsZb31LQTm0L992LrFXLUDDAwg3ESjAVB8Xl3FqDZnQosQQTECqMw6FJqJN0RwtJj7ibr588OG4lesTAtDT1XQNXcr_In4l7dO-M-jy_HZN6fhj9Ve7KT6COzxUg5sRnOXSQOGMoqfksWcNW9zTZLK5dlfvUwxZZ85cX_m0xs6P8lvxpSh7HiQEASk5ysGf_FL1N-dnKwZHHAhCG7Nvx5AmG99S0VZjYNUOSOaou2F3Yf8LDHiKzaI0rEwgIGqXgl0AqKFD_iVdN_jsjbOdci3RHAvSRZ7hOc69gJa3LC5uP9dlhDZeij8t2ZEJE6il0YzujzNvYoQkNWZ3axEVdehp_9kuKPZeDqbjWpdZdOyoG5JxsTzY4vImJe0dPOQgi9JGnHT3lfoNsXyXYy1bh5csc-1sAvdb_354YnXD81bF8jQQqquLDzxJnq1HwLucUhZW4A-tshkphToztCNLBwvqDvgCLqf0zx_u1GHKnSDG5_pOz6lnB97pClcRWXTMaKh4GfPc0vqKwb8FO48PGijdYv6clXpoZtOWM8S95TaFp6qRd2xjPFXsnL6Jb6lc1PCpbxrr4h28u2QHlZEzPBiSBF9rvGEAZmav89bLEbSSzvHo-Ot9iFs_IIuoqx65ne8y2tNESoYqEbvGgFdyYMJHESlgtwZp6x53EKjHl2YRggDdYaFQ4nK48wo09p_OlsEEZ-UHWlkqcV2ecXZPu1NbiLNcsCch9PP6jSaLVpbQCDV_DOAp-dhRl97nEp8DngRecTNgK3Td0eZ7Iz5DPU9EPqGTeQ68zvstIfn489AMvubrn4wdkaCaixlB1of9tzFX1HsuP18SDY6fvkLTjppLWofH-O_chRkYuKFo8K-tnyMxC1APUzh0jvhhPO7xyha_uF4ZqFO2jrr6YiVG1xL3pHPpA4X0jmaiVpRARm4D_MdI8UfYqI6jpQ6Ugmjfsd2W3YV6gBTWjGVlZQzwVTvapnsvEfWu-JhL0H5A_IBf3P2NClZlqwDqC1MtFqc7xvrfmtEpStAad3H8zjIKMtE2ynfStg7clt7GudYOSkXsk7FqHBBYn2OuZ8GmfXjQcpri0_VFAJMKKhHl2jrZ64sK8y8rumT6plu-_AVIpp4sMUu-leb_TmY93ZxhVDR0Ulp2276a916C_FHRxcuF2tuu7eDheeCw1JLG3JHcJOtRWf2YRcDIjGKkTRNH3sdL10DjZQU0HUGpDMjAx1AUZ555kCkZW-NU9csjHNJWvtUZXoZv0ic5cw4wij3Stz0P73qcYohYUVUlCMHrACLi6azE3g1bl6Vi6gqpm5FMPQM4pjkQQGK0VWJRoncoYpw67bHtaL4CBkbtnK7XHqPoqUYwbDY8dJJZr8KtHZJa8kQ47Nr3nyTSXUbJcdDycyLq1ZNHXgJaic7Ms4vvz9f_m4mEK4CheOTib5NczitMdDEX3Xhvis_8rG1oobPM-icJdC0hwthAgbQTO3Rb0mZhumNk-aIATNjctd4FnH1ws71n6LBL_1tHUvgSa2j2sLSOwr-TaUaPMJIP7Da5PutGvyuji6Fx5lciKwWMSZiY1ZAxd7HU0472D7uhLHYPJumdJevgLUdpF2UbmONaHuyGOgPIaMbV5JHzhrTMa3aBU4j0QsSPVG9AE7jdVNUGs8N-lAgLfb9ngFhVYLlgNQmXQDKYx6UV3JRlp4-yuqsQMjOZyNo0_tZe2WPZ_hcTND0xRFKVZm-c9D_Mn2nOAf_OfiQrlpGnaxK0tMRPJpAMiowEudD9lVXnNeKzEem5TZj35jEayqsKEjbINI7-hhW8m2iBaJqgrAFv3x774x7fh_oLUYxsTyIjcn-fJV4gCsKfWv9b5Fy4Eguh0ugY11AFw&cid=CAQS2wEA56J1eZf2a7eKRgNv_5uNRTGKF0zVwfqwjosIdDAUTzkODZQCk7RB49i47dSUooO7TWDxuxjfnxuC4L6cNgu8Qp2zPb6bIxpW_WuTUDluXrK1dQrdg827KLrufsFegR6fmSc402hne4TgWbR7r-pDYkeTVlybwLjBgyRqOJ0r6zFatbltemfEF0oUSmi7BiL32OH-jOxZMlVhj3NUabbs_hrHc6pA6ty9jCfoDE3EUMoUjhCzb9Ve-Xd5snsYtI3_NlUW4_aDdiGwCtpexi7zf0GJtsoxGPJ0KNMYAQ&pr=8%3A5C19ACF4C4752733&correlator=9081139508&description_url=https%253A%252F%252Fkoei.fandom.com%252Fwiki%252FL%27Empereur%252FOfficer_List&env=vp&gdfp_req=1&output=vast&plcmt=2&sz=640x480&unviewed_position_start=0&url=https%253A%252F%252Fkoei.fandom.com%252Fwiki%252FL%27Empereur%252FOfficer_List&ad_rule=0&hl=en&sid=dd9e6a72-f97b-495c-9f25-d96e6befd306&scor=2686758466&gdpr=0&npa=0&gdpr_consent=:0
[    7277ms] [ERROR] Failed to load resource: net::ERR_NAME_NOT_RESOLVED @ https://pixel.rubiconproject.com/exchange/sync.php?p=a9us&gdpr=0:0
[    7279ms] [ERROR] Failed to load resource: net::ERR_NAME_NOT_RESOLVED @ https://ut.pubmatic.com/geo?pubid=156592:0
[    7309ms] [ERROR] Failed to load resource: net::ERR_NAME_NOT_RESOLVED @ https://sync.ipredictive.com/d/sync/cookie/generic?partner=connatix&cspid=25&append=0&cb=%24%7BADELPHIC_CACHE_BUSTER%7D&redirect=https%3A%2F%2Fcks.connatix.com%2Fcks%3Fpid%3D29%26ev%3D2-08b6f2cda9de4d689864b842e527b952%26pname%3DAdelphic%26api-tier%3D1%26uid%3D%24%7BADELPHIC_CUID%7D&gdpr=0:0
[    7309ms] [ERROR] Syncing cannot be made with  https://sync.ipredictive.com/d/sync/cookie/generic?partner=connatix&cspid=25&append=0&cb=%24%7BADELPHIC_CACHE_BUSTER%7D&redirect=https%3A%2F%2Fcks.connatix.com%2Fcks%3Fpid%3D29%26ev%3D2-08b6f2cda9de4d689864b842e527b952%26pname%3DAdelphic%26api-tier%3D1%26uid%3D%24%7BADELPHIC_CUID%7D&gdpr=0 @ https://cds.connatix.com/p/172763922/cSyncRemote.js:0
[    7311ms] [ERROR] Failed to load resource: net::ERR_NAME_NOT_RESOLVED @ https://user-sync.fwmrm.net/ad/u?mode=echo&gdpr=0&gdpr_consent=null&us_privacy=null&gpp=[GPP]&gpp_sid=undefined&_fw_coppa=[COPPA]&cr=https%3a%2f%2fcks.connatix.com%2fcks%3fpid%3d33%26ev%3d2-08b6f2cda9de4d689864b842e527b952%26pname%3dFreeWheel%26api-tier%3d1%26uid%3d%23%7Buser.id%7D:0
[    7311ms] [ERROR] Syncing cannot be made with  https://user-sync.fwmrm.net/ad/u?mode=echo&gdpr=0&gdpr_consent=null&us_privacy=null&gpp=[GPP]&gpp_sid=undefined&_fw_coppa=[COPPA]&cr=https%3a%2f%2fcks.connatix.com%2fcks%3fpid%3d33%26ev%3d2-08b6f2cda9de4d689864b842e527b952%26pname%3dFreeWheel%26api-tier%3d1%26uid%3d%23%7Buser.id%7D @ https://cds.connatix.com/p/172763922/cSyncRemote.js:0
[    7324ms] [ERROR] Failed to load resource: net::ERR_NAME_NOT_RESOLVED @ https://ads.yieldmo.com/pbsync?is=smartnews&redirectUri=https%3A%2F%2Fcks.connatix.com%2Fcks%3Fpid%3D39%26ev%3D2-08b6f2cda9de4d689864b842e527b952%26pname%3DYieldMo%26api-tier%3D1%26uid%3D%24UID&gdpr=0:0
[    7324ms] [ERROR] Syncing cannot be made with  https://ads.yieldmo.com/pbsync?is=smartnews&redirectUri=https%3A%2F%2Fcks.connatix.com%2Fcks%3Fpid%3D39%26ev%3D2-08b6f2cda9de4d689864b842e527b952%26pname%3DYieldMo%26api-tier%3D1%26uid%3D%24UID&gdpr=0 @ https://cds.connatix.com/p/172763922/cSyncRemote.js:0
[    7392ms] [ERROR] Refused to execute script from 'https://c1.adform.net/cookie?redirect_url=https%3A%2F%2Fcks.connatix.com%2Fcks%3Fpid%3D46%26ev%3D2-08b6f2cda9de4d689864b842e527b952%26pname%3DAdForm%26api-tier%3D1%26uid%3D%24UID&gdpr=0' because its MIME type ('image/gif') is not executable. @ https://koei.fandom.com/wiki/L'Empereur/Officer_List:0
[    7393ms] [ERROR] Syncing cannot be made with  https://c1.adform.net/cookie?redirect_url=https%3A%2F%2Fcks.connatix.com%2Fcks%3Fpid%3D46%26ev%3D2-08b6f2cda9de4d689864b842e527b952%26pname%3DAdForm%26api-tier%3D1%26uid%3D%24UID&gdpr=0 @ https://cds.connatix.com/p/172763922/cSyncRemote.js:0
[    5949ms] [ERROR] Attestation check for Shared Storage on https://www.googleadservices.com failed. @ https://www.googleadservices.com/pagead/managed/js/activeview/current/reach_worklet.html:0
[    5958ms] [ERROR] Attestation check for Shared Storage on https://www.googleadservices.com failed. @ https://www.googleadservices.com/pagead/managed/js/activeview/current/reach_worklet.html:0
[    5959ms] [ERROR] Attestation check for Shared Storage on https://www.googleadservices.com failed. @ https://www.googleadservices.com/pagead/managed/js/activeview/current/reach_worklet.html:0
[    6148ms] [ERROR] Attestation check for Shared Storage on https://www.googleadservices.com failed. @ https://www.googleadservices.com/pagead/managed/js/activeview/current/reach_worklet.html:0
[    7488ms] [ERROR] Attestation check for Shared Storage on https://www.googleadservices.com failed. @ https://www.googleadservices.com/pagead/managed/js/activeview/current/reach_worklet.html:0
[    7277ms] [ERROR] Failed to load resource: net::ERR_NAME_NOT_RESOLVED @ https://pixel.rubiconproject.com/exchange/sync.php?p=a9us&gdpr=0:0
[    7279ms] [ERROR] Failed to load resource: net::ERR_NAME_NOT_RESOLVED @ https://ut.pubmatic.com/geo?pubid=156592:0
[    7279ms] [ERROR] Failed to load resource: net::ERR_NAME_NOT_RESOLVED @ https://ut.pubmatic.com/geo?pubid=156592:0
[    7277ms] [ERROR] Failed to load resource: net::ERR_NAME_NOT_RESOLVED @ https://pixel.rubiconproject.com/exchange/sync.php?p=a9us&gdpr=0:0
[    7729ms] [ERROR] Failed to load resource: net::ERR_NAME_NOT_RESOLVED @ https://sync.resetdigital.co/csync?pid=connatix&redir=https%3A%2F%2Fcks.connatix.com%2Fcks%3Fpid%3D35%26ev%3D2-08b6f2cda9de4d689864b842e527b952%26pname%3DResetDigital%26api-tier%3D1%26uid%3D%24USER_ID&gdpr=0:0
[    7729ms] [ERROR] Syncing cannot be made with  https://sync.resetdigital.co/csync?pid=connatix&redir=https%3A%2F%2Fcks.connatix.com%2Fcks%3Fpid%3D35%26ev%3D2-08b6f2cda9de4d689864b842e527b952%26pname%3DResetDigital%26api-tier%3D1%26uid%3D%24USER_ID&gdpr=0 @ https://cds.connatix.com/p/172763922/cSyncRemote.js:0
[    7731ms] [ERROR] Failed to load resource: net::ERR_NAME_NOT_RESOLVED @ https://ssbsync.smartadserver.com/api/sync?callerId=6&nwid=3630&gdpr=0&gdpr_consent=null&url=https%3a%2f%2fcks.connatix.com%2fcks%3fpid%3d40%26ev%3d2-08b6f2cda9de4d689864b842e527b952%26pname%3dSmartAdServer%26api-tier%3d1%26uid%3D%5Bsas_uid%5D:0
[    7731ms] [ERROR] Syncing cannot be made with  https://ssbsync.smartadserver.com/api/sync?callerId=6&nwid=3630&gdpr=0&gdpr_consent=null&url=https%3a%2f%2fcks.connatix.com%2fcks%3fpid%3d40%26ev%3d2-08b6f2cda9de4d689864b842e527b952%26pname%3dSmartAdServer%26api-tier%3d1%26uid%3D%5Bsas_uid%5D @ https://cds.connatix.com/p/172763922/cSyncRemote.js:0
[    7279ms] [ERROR] Failed to load resource: net::ERR_NAME_NOT_RESOLVED @ https://ut.pubmatic.com/geo?pubid=156592:0
[    8293ms] [ERROR] Failed to load resource: the server responded with a status of 400 () @ https://cs.ingage.tech/v1/sync/loopme/72961b5f-a379-4263-8ad4-0ff0d26e8844?uid=c5929a7f-7357-4079-8354-3453cb15e42a:0
[    8344ms] [ERROR] Failed to load resource: net::ERR_NAME_NOT_RESOLVED @ https://ut.pubmatic.com/geo?pubid=156011:0
[    8345ms] [ERROR] Failed to load resource: net::ERR_NAME_NOT_RESOLVED @ https://ut.pubmatic.com/geo?pubid=156592:0
[    8346ms] [ERROR] Failed to load resource: net::ERR_NAME_NOT_RESOLVED @ https://ut.pubmatic.com/geo?pubid=95054:0
[    8346ms] [ERROR] Failed to load resource: net::ERR_NAME_NOT_RESOLVED @ https://image6.pubmatic.com/AdServer/PugMaster?sec=1&async=1&kdntuid=1&rnd=4414742&p=156592&s=0&a=0&ptask=ALL&np=0&fp=0&rp=0&mpc=0&spug=1&coppa=0&gdpr=0&gdpr_consent=&us_privacy=&gpp=&gpp_sid=:0
[    8427ms] [ERROR] Failed to load resource: net::ERR_NAME_NOT_RESOLVED @ https://image8.pubmatic.com/AdServer/ImgSync?p=157097&gdpr=0&gdpr_consent=&pu=https%3A%2F%2Fimage4.pubmatic.com%2FAdServer%2FSPug%3Fp%3D157097%26mpc%3D4%26fp%3D1%26pmc%3DPM_PMC%26pr%3Dhttps%253A%252F%252Fsync.inmobi.com%252Fsetuid%253FbidderID%253D76%2526dspUserId%253D%2523PMUID:0
[    8434ms] [ERROR] Failed to load resource: net::ERR_NAME_NOT_RESOLVED @ https://ib.adnxs.com/getuid?https://sync.inmobi.com/setuid?bidderID=32&dspUserId=$UID:0
[    8440ms] [ERROR] Failed to load resource: net::ERR_NAME_NOT_RESOLVED @ https://sync-tm.everesttech.net/upi/pid/ACY3VSlh?redir=https%3A%2F%2Fs.amazon-adsystem.com%2Fecm3%3Fex%3Dadobe3pb.com%26id%3D%24%7BTM_USER_ID%7D:0
[    8459ms] [ERROR] Failed to load resource: net::ERR_NAME_NOT_RESOLVED @ https://pixel.rubiconproject.com/exchange/sync.php?p=a9us:0
[    8471ms] [ERROR] Failed to load resource: net::ERR_NAME_NOT_RESOLVED @ https://ut.pubmatic.com/geo?pubid=156011:0
[    8472ms] [ERROR] Failed to load resource: net::ERR_NAME_NOT_RESOLVED @ https://ps.eyeota.net/match?bid=d9gd6cu&uid=ID5-3-35a001b8-5e62-488e-be82-d1e12192ace6:0
[    8473ms] [ERROR] Failed to load resource: net::ERR_NAME_NOT_RESOLVED @ https://ut.pubmatic.com/geo?pubid=95054:0
[    8475ms] [ERROR] Failed to load resource: net::ERR_NAME_NOT_RESOLVED @ https://match.deepintent.com/usersync/159:0
[    8476ms] [ERROR] Failed to load resource: net::ERR_NAME_NOT_RESOLVED @ https://ssp.disqus.com/redirectuser?r=https%3A%2F%2Fmatch.sharethrough.com%2Fsync%2Fv1%3Fsource_id%3D7rkJAhPCWXbw9Lq5dZxc6TvN%26source_user_id%3D%24UID&partner=sharethrough:0
[    7279ms] [ERROR] Failed to load resource: net::ERR_NAME_NOT_RESOLVED @ https://ut.pubmatic.com/geo?pubid=156592:0
[    8344ms] [ERROR] Failed to load resource: net::ERR_NAME_NOT_RESOLVED @ https://ut.pubmatic.com/geo?pubid=156011:0
[    8345ms] [ERROR] Failed to load resource: net::ERR_NAME_NOT_RESOLVED @ https://ut.pubmatic.com/geo?pubid=156592:0
[    8346ms] [ERROR] Failed to load resource: net::ERR_NAME_NOT_RESOLVED @ https://ut.pubmatic.com/geo?pubid=95054:0
[    8346ms] [ERROR] Failed to load resource: net::ERR_NAME_NOT_RESOLVED @ https://image6.pubmatic.com/AdServer/PugMaster?sec=1&async=1&kdntuid=1&rnd=4414742&p=156592&s=0&a=0&ptask=ALL&np=0&fp=0&rp=0&mpc=0&spug=1&coppa=0&gdpr=0&gdpr_consent=&us_privacy=&gpp=&gpp_sid=:0
[    8471ms] [ERROR] Failed to load resource: net::ERR_NAME_NOT_RESOLVED @ https://ut.pubmatic.com/geo?pubid=156011:0
[    8473ms] [ERROR] Failed to load resource: net::ERR_NAME_NOT_RESOLVED @ https://ut.pubmatic.com/geo?pubid=95054:0
[    8682ms] [ERROR] Failed to load resource: net::ERR_NAME_NOT_RESOLVED @ https://ut.pubmatic.com/geo?pubid=156011:0
[    8476ms] [ERROR] Failed to load resource: net::ERR_NAME_NOT_RESOLVED @ https://ssp.disqus.com/redirectuser?r=https%3A%2F%2Fmatch.sharethrough.com%2Fsync%2Fv1%3Fsource_id%3D7rkJAhPCWXbw9Lq5dZxc6TvN%26source_user_id%3D%24UID&partner=sharethrough:0
[    7279ms] [ERROR] Failed to load resource: net::ERR_NAME_NOT_RESOLVED @ https://ut.pubmatic.com/geo?pubid=156592:0
[    8344ms] [ERROR] Failed to load resource: net::ERR_NAME_NOT_RESOLVED @ https://ut.pubmatic.com/geo?pubid=156011:0
[    8345ms] [ERROR] Failed to load resource: net::ERR_NAME_NOT_RESOLVED @ https://ut.pubmatic.com/geo?pubid=156592:0
[    8346ms] [ERROR] Failed to load resource: net::ERR_NAME_NOT_RESOLVED @ https://ut.pubmatic.com/geo?pubid=95054:0
[    8346ms] [ERROR] Failed to load resource: net::ERR_NAME_NOT_RESOLVED @ https://image6.pubmatic.com/AdServer/PugMaster?sec=1&async=1&kdntuid=1&rnd=4414742&p=156592&s=0&a=0&ptask=ALL&np=0&fp=0&rp=0&mpc=0&spug=1&coppa=0&gdpr=0&gdpr_consent=&us_privacy=&gpp=&gpp_sid=:0
[    8471ms] [ERROR] Failed to load resource: net::ERR_NAME_NOT_RESOLVED @ https://ut.pubmatic.com/geo?pubid=156011:0
[    8473ms] [ERROR] Failed to load resource: net::ERR_NAME_NOT_RESOLVED @ https://ut.pubmatic.com/geo?pubid=95054:0
[    8682ms] [ERROR] Failed to load resource: net::ERR_NAME_NOT_RESOLVED @ https://ut.pubmatic.com/geo?pubid=156011:0
[    8727ms] [ERROR] Failed to load resource: net::ERR_NAME_NOT_RESOLVED @ https://ut.pubmatic.com/geo?pubid=156011:0
[    8746ms] [ERROR] Failed to load resource: net::ERR_NAME_NOT_RESOLVED @ https://sync-tm.everesttech.net/upi/pid/ny75r2x0?redir=https%3A%2F%2Fus-u.openx.net%2Fw%2F1.0%2Fsd%3Fid%3D537148856%26val%3D%24%7BTM_USER_ID%7D:0
[    8746ms] [ERROR] Failed to load resource: net::ERR_NAME_NOT_RESOLVED @ https://ib.adnxs.com/getuid?https%3A%2F%2Fonetag-sys.com%2Fmatch%2F%3Fint_id%3D98%26uid%3D$UID&gdpr=1&gdpr_consent=:0
[    8747ms] [ERROR] Failed to load resource: net::ERR_NAME_NOT_RESOLVED @ https://user-sync.fwmrm.net/ad/u?mode=echo&cr=https%3A%2F%2Fonetag-sys.com%2Fmatch%2F%3Fint_id%3D3%26gdpr%3D1%26gdpr_consent%3D%26uid%3D#{user.id}:0
[    8476ms] [ERROR] Failed to load resource: net::ERR_NAME_NOT_RESOLVED @ https://ssp.disqus.com/redirectuser?r=https%3A%2F%2Fmatch.sharethrough.com%2Fsync%2Fv1%3Fsource_id%3D7rkJAhPCWXbw9Lq5dZxc6TvN%26source_user_id%3D%24UID&partner=sharethrough:0
[    8749ms] [ERROR] Failed to load resource: net::ERR_NAME_NOT_RESOLVED @ https://pixel.rubiconproject.com/tap.php?v=223352&nid=4584&put=pJEdxDzUDKBGR17JZYseQ4DeqX29BysqLigzCDCi42s:0
[    8750ms] [ERROR] Failed to load resource: net::ERR_NAME_NOT_RESOLVED @ https://image8.pubmatic.com/AdServer/ImgSync?p=159706&gdpr=1&gdpr_consent=&us_privacy=&pu=https%3A%2F%2Fonetag-sys.com%2Fmatch%2F%3Fint_id%3D114%26gdpr%3D1%26gdpr_consent%3D%26uid%3D%23PMUID:0
[    8770ms] [ERROR] Failed to load resource: the server responded with a status of 410 (Gone) @ https://ads.stickyadstv.com/pbs-user-sync?gdpr=&gdpr_consent=&us_privacy=&gpp=&gpp_sid=&r=https%3A%2F%2Fcookies.nextmillmedia.com%2Fsetuid%3Fbidder%3Dfreewheel-ssp%26nmuid%3D%26gdpr%3D%26gdpr_consent%3D%26us_privacy%3D%26uid%3D%7Bviewerid%7D:0
[    8781ms] [ERROR] Failed to load resource: net::ERR_NAME_NOT_RESOLVED @ https://ut.pubmatic.com/geo?pubid=156011:0
[    8826ms] [ERROR] Failed to load resource: net::ERR_NAME_NOT_RESOLVED @ https://ut.pubmatic.com/geo?pubid=156011:0
[    8427ms] [ERROR] Failed to load resource: net::ERR_NAME_NOT_RESOLVED @ https://image8.pubmatic.com/AdServer/ImgSync?p=157097&gdpr=0&gdpr_consent=&pu=https%3A%2F%2Fimage4.pubmatic.com%2FAdServer%2FSPug%3Fp%3D157097%26mpc%3D4%26fp%3D1%26pmc%3DPM_PMC%26pr%3Dhttps%253A%252F%252Fsync.inmobi.com%252Fsetuid%253FbidderID%253D76%2526dspUserId%253D%2523PMUID:0
[    8434ms] [ERROR] Failed to load resource: net::ERR_NAME_NOT_RESOLVED @ https://ib.adnxs.com/getuid?https://sync.inmobi.com/setuid?bidderID=32&dspUserId=$UID:0
[    8472ms] [ERROR] Failed to load resource: net::ERR_NAME_NOT_RESOLVED @ https://ps.eyeota.net/match?bid=d9gd6cu&uid=ID5-3-35a001b8-5e62-488e-be82-d1e12192ace6:0
[    8475ms] [ERROR] Failed to load resource: net::ERR_NAME_NOT_RESOLVED @ https://match.deepintent.com/usersync/159:0
[    8935ms] [ERROR] Failed to load resource: net::ERR_NAME_NOT_RESOLVED @ https://ib.adnxs.com/getuid?https://sync.inmobi.com/setuid?bidderID=32&dspUserId=$UID:0
[    8937ms] [ERROR] Failed to load resource: net::ERR_NAME_NOT_RESOLVED @ https://image8.pubmatic.com/AdServer/ImgSync?p=157097&gdpr=0&gdpr_consent=&pu=https%3A%2F%2Fimage4.pubmatic.com%2FAdServer%2FSPug%3Fp%3D157097%26mpc%3D4%26fp%3D1%26pmc%3DPM_PMC%26pr%3Dhttps%253A%252F%252Fsync.inmobi.com%252Fsetuid%253FbidderID%253D76%2526dspUserId%253D%2523PMUID:0
[    8937ms] [ERROR] Failed to load resource: net::ERR_NAME_NOT_RESOLVED @ https://match.deepintent.com/usersync/159:0
[    7279ms] [ERROR] Failed to load resource: net::ERR_NAME_NOT_RESOLVED @ https://ut.pubmatic.com/geo?pubid=156592:0
[    8344ms] [ERROR] Failed to load resource: net::ERR_NAME_NOT_RESOLVED @ https://ut.pubmatic.com/geo?pubid=156011:0
[    8345ms] [ERROR] Failed to load resource: net::ERR_NAME_NOT_RESOLVED @ https://ut.pubmatic.com/geo?pubid=156592:0
[    8346ms] [ERROR] Failed to load resource: net::ERR_NAME_NOT_RESOLVED @ https://ut.pubmatic.com/geo?pubid=95054:0
[    8346ms] [ERROR] Failed to load resource: net::ERR_NAME_NOT_RESOLVED @ https://image6.pubmatic.com/AdServer/PugMaster?sec=1&async=1&kdntuid=1&rnd=4414742&p=156592&s=0&a=0&ptask=ALL&np=0&fp=0&rp=0&mpc=0&spug=1&coppa=0&gdpr=0&gdpr_consent=&us_privacy=&gpp=&gpp_sid=:0
[    8471ms] [ERROR] Failed to load resource: net::ERR_NAME_NOT_RESOLVED @ https://ut.pubmatic.com/geo?pubid=156011:0
[    8473ms] [ERROR] Failed to load resource: net::ERR_NAME_NOT_RESOLVED @ https://ut.pubmatic.com/geo?pubid=95054:0
[    8682ms] [ERROR] Failed to load resource: net::ERR_NAME_NOT_RESOLVED @ https://ut.pubmatic.com/geo?pubid=156011:0
[    8727ms] [ERROR] Failed to load resource: net::ERR_NAME_NOT_RESOLVED @ https://ut.pubmatic.com/geo?pubid=156011:0
[    8781ms] [ERROR] Failed to load resource: net::ERR_NAME_NOT_RESOLVED @ https://ut.pubmatic.com/geo?pubid=156011:0
[    8826ms] [ERROR] Failed to load resource: net::ERR_NAME_NOT_RESOLVED @ https://ut.pubmatic.com/geo?pubid=156011:0
[    8746ms] [ERROR] Failed to load resource: net::ERR_NAME_NOT_RESOLVED @ https://sync-tm.everesttech.net/upi/pid/ny75r2x0?redir=https%3A%2F%2Fus-u.openx.net%2Fw%2F1.0%2Fsd%3Fid%3D537148856%26val%3D%24%7BTM_USER_ID%7D:0
[   10750ms] [ERROR] Failed to load resource: net::ERR_NAME_NOT_RESOLVED @ https://ut.pubmatic.com/geo?pubid=156260:0
[   10756ms] [ERROR] Failed to load resource: net::ERR_NAME_NOT_RESOLVED @ https://image6.pubmatic.com/AdServer/PugMaster?sec=1&async=1&kdntuid=1&rnd=37381281&p=156260&s=0&a=0&ptask=ALL&np=0&fp=0&rp=0&mpc=0&spug=1&coppa=0&gdpr=0&gdpr_consent=&us_privacy=&gpp=&gpp_sid=:0
[   10846ms] [ERROR] Failed to load resource: net::ERR_NAME_NOT_RESOLVED @ https://ut.pubmatic.com/geo?pubid=156260:0
[   10910ms] [ERROR] Failed to load resource: the server responded with a status of 400 () @ https://match.prod.bidr.io/cookie-sync/connatix?redir=https%3A%2F%2Fcks.connatix.com%2Fcks%3Fpid%3D15%26ev%3D2-08b6f2cda9de4d689864b842e527b952%26pname%3DBeeswax%26api-tier%3D1%26uid%3D%7Buserid%7D&gdpr=0&_bee_ppp=1:0
[   10910ms] [ERROR] Syncing cannot be made with  https://match.prod.bidr.io/cookie-sync/connatix?redir=https%3A%2F%2Fcks.connatix.com%2Fcks%3Fpid%3D15%26ev%3D2-08b6f2cda9de4d689864b842e527b952%26pname%3DBeeswax%26api-tier%3D1%26uid%3D%7Buserid%7D&gdpr=0 @ https://cds.connatix.com/p/172763922/cSyncRemote.js:0
[   11882ms] [ERROR] Failed to load resource: net::ERR_NAME_NOT_RESOLVED @ https://pbs.yahoo.com/setuid?bidder=triplelift&uid=1889630817257033351754&gdpr=0&gdpr_consent=&gpp=&gpp_sid=:0
[   12929ms] [ERROR] Failed to load resource: net::ERR_NAME_NOT_RESOLVED @ https://pixel.rubiconproject.com/exchange/sync.php?p=a9us&gdpr=0:0
[   12931ms] [ERROR] Failed to load resource: net::ERR_NAME_NOT_RESOLVED @ https://pixel.rubiconproject.com/exchange/sync.php?p=sovrn&gdpr=0:0
[   12934ms] [ERROR] Failed to load resource: net::ERR_NAME_NOT_RESOLVED @ https://pixel.rubiconproject.com/exchange/sync.php?p=19564&gdpr=0:0
[   12936ms] [ERROR] Failed to load resource: net::ERR_NAME_NOT_RESOLVED @ https://pixel.rubiconproject.com/exchange/sync.php?p=pbs-apn&gdpr=0:0
[   12940ms] [ERROR] Failed to load resource: net::ERR_NAME_NOT_RESOLVED @ https://sync.ipredictive.com/d/sync/cookie/generic?https://pixel.rubiconproject.com/tap.php?v=17149&nid=2861&put=${ADELPHIC_CUID}&expires=30&gdpr=0:0
[   12943ms] [ERROR] Failed to load resource: net::ERR_NAME_NOT_RESOLVED @ https://pixel.rubiconproject.com/tap.php?v=7751&nid=2249&expires=30&gdpr=0&put=CAESEDMQAnxKsBrEBscN7uERTTM&google_cver=1:0
[   12970ms] [ERROR] Failed to load resource: net::ERR_NAME_NOT_RESOLVED @ https://pixel.rubiconproject.com/tap.php?v=8981&nid=2307&put=d4264820-49f8-4b2d-aa29-45f2944aa5b9&gdpr=0&gdpr_consent=&expires=30:0
[   13304ms] [ERROR] Failed to load resource: net::ERR_NAME_NOT_RESOLVED @ https://pixel.rubiconproject.com/exchange/sync.php?p=dfp&gdpr=0&google_gid=CAESEPd1_m2sNzuPg2HQfUuoLAw&google_cver=1:0
[   13614ms] [ERROR] Failed to load resource: net::ERR_NAME_NOT_RESOLVED @ https://pixel.rubiconproject.com/tap.php?v=183462&nid=4114&put=AAEJr07TGj4AAAA8Sfy3kA&expires=30&gdpr=0:0
[   14301ms] [ERROR] Failed to load resource: net::ERR_NAME_NOT_RESOLVED @ https://ib.adnxs.com/getuid?https://s.seedtag.com/cs/cookiesync/appnexus?channeluid=$UID&consent=1:0
[   14322ms] [ERROR] Failed to load resource: net::ERR_NAME_NOT_RESOLVED @ https://ap.lijit.com/pixel?gdpr=0&gdpr_consent=&us_privacy=&gpp=&gpp_sid=&redir=https%3A%2F%2Fs.seedtag.com%2Fcs%2Fcookiesync%2Fsovrn%3Fchanneluid%3D%24UID:0
[    7279ms] [ERROR] Failed to load resource: net::ERR_NAME_NOT_RESOLVED @ https://ut.pubmatic.com/geo?pubid=156592:0
[    8344ms] [ERROR] Failed to load resource: net::ERR_NAME_NOT_RESOLVED @ https://ut.pubmatic.com/geo?pubid=156011:0
[    8345ms] [ERROR] Failed to load resource: net::ERR_NAME_NOT_RESOLVED @ https://ut.pubmatic.com/geo?pubid=156592:0
[    8346ms] [ERROR] Failed to load resource: net::ERR_NAME_NOT_RESOLVED @ https://ut.pubmatic.com/geo?pubid=95054:0
[    8346ms] [ERROR] Failed to load resource: net::ERR_NAME_NOT_RESOLVED @ https://image6.pubmatic.com/AdServer/PugMaster?sec=1&async=1&kdntuid=1&rnd=4414742&p=156592&s=0&a=0&ptask=ALL&np=0&fp=0&rp=0&mpc=0&spug=1&coppa=0&gdpr=0&gdpr_consent=&us_privacy=&gpp=&gpp_sid=:0
[    8471ms] [ERROR] Failed to load resource: net::ERR_NAME_NOT_RESOLVED @ https://ut.pubmatic.com/geo?pubid=156011:0
[    8473ms] [ERROR] Failed to load resource: net::ERR_NAME_NOT_RESOLVED @ https://ut.pubmatic.com/geo?pubid=95054:0
[    8682ms] [ERROR] Failed to load resource: net::ERR_NAME_NOT_RESOLVED @ https://ut.pubmatic.com/geo?pubid=156011:0
[    8727ms] [ERROR] Failed to load resource: net::ERR_NAME_NOT_RESOLVED @ https://ut.pubmatic.com/geo?pubid=156011:0
[    8781ms] [ERROR] Failed to load resource: net::ERR_NAME_NOT_RESOLVED @ https://ut.pubmatic.com/geo?pubid=156011:0
[    8826ms] [ERROR] Failed to load resource: net::ERR_NAME_NOT_RESOLVED @ https://ut.pubmatic.com/geo?pubid=156011:0
[   10750ms] [ERROR] Failed to load resource: net::ERR_NAME_NOT_RESOLVED @ https://ut.pubmatic.com/geo?pubid=156260:0
[   10756ms] [ERROR] Failed to load resource: net::ERR_NAME_NOT_RESOLVED @ https://image6.pubmatic.com/AdServer/PugMaster?sec=1&async=1&kdntuid=1&rnd=37381281&p=156260&s=0&a=0&ptask=ALL&np=0&fp=0&rp=0&mpc=0&spug=1&coppa=0&gdpr=0&gdpr_consent=&us_privacy=&gpp=&gpp_sid=:0
[   10846ms] [ERROR] Failed to load resource: net::ERR_NAME_NOT_RESOLVED @ https://ut.pubmatic.com/geo?pubid=156260:0
[   12929ms] [ERROR] Failed to load resource: net::ERR_NAME_NOT_RESOLVED @ https://pixel.rubiconproject.com/exchange/sync.php?p=a9us&gdpr=0:0
[   12931ms] [ERROR] Failed to load resource: net::ERR_NAME_NOT_RESOLVED @ https://pixel.rubiconproject.com/exchange/sync.php?p=sovrn&gdpr=0:0
[   12934ms] [ERROR] Failed to load resource: net::ERR_NAME_NOT_RESOLVED @ https://pixel.rubiconproject.com/exchange/sync.php?p=19564&gdpr=0:0
[   12936ms] [ERROR] Failed to load resource: net::ERR_NAME_NOT_RESOLVED @ https://pixel.rubiconproject.com/exchange/sync.php?p=pbs-apn&gdpr=0:0
[   12940ms] [ERROR] Failed to load resource: net::ERR_NAME_NOT_RESOLVED @ https://sync.ipredictive.com/d/sync/cookie/generic?https://pixel.rubiconproject.com/tap.php?v=17149&nid=2861&put=${ADELPHIC_CUID}&expires=30&gdpr=0:0
[   12943ms] [ERROR] Failed to load resource: net::ERR_NAME_NOT_RESOLVED @ https://pixel.rubiconproject.com/tap.php?v=7751&nid=2249&expires=30&gdpr=0&put=CAESEDMQAnxKsBrEBscN7uERTTM&google_cver=1:0
[   12970ms] [ERROR] Failed to load resource: net::ERR_NAME_NOT_RESOLVED @ https://pixel.rubiconproject.com/tap.php?v=8981&nid=2307&put=d4264820-49f8-4b2d-aa29-45f2944aa5b9&gdpr=0&gdpr_consent=&expires=30:0
[   13304ms] [ERROR] Failed to load resource: net::ERR_NAME_NOT_RESOLVED @ https://pixel.rubiconproject.com/exchange/sync.php?p=dfp&gdpr=0&google_gid=CAESEPd1_m2sNzuPg2HQfUuoLAw&google_cver=1:0
[   13614ms] [ERROR] Failed to load resource: net::ERR_NAME_NOT_RESOLVED @ https://pixel.rubiconproject.com/tap.php?v=183462&nid=4114&put=AAEJr07TGj4AAAA8Sfy3kA&expires=30&gdpr=0:0
[   14393ms] [ERROR] Failed to load resource: net::ERR_NAME_NOT_RESOLVED @ https://ut.pubmatic.com/geo?pubid=157743:0
[   14397ms] [ERROR] Failed to load resource: net::ERR_NAME_NOT_RESOLVED @ https://image6.pubmatic.com/AdServer/PugMaster?sec=1&async=1&kdntuid=1&rnd=21990864&p=157743&s=0&a=0&ptask=ALL&np=0&fp=0&rp=0&mpc=0&spug=1&coppa=0&gdpr=0&gdpr_consent=&us_privacy=&gpp=&gpp_sid=:0
[    8746ms] [ERROR] Failed to load resource: net::ERR_NAME_NOT_RESOLVED @ https://sync-tm.everesttech.net/upi/pid/ny75r2x0?redir=https%3A%2F%2Fus-u.openx.net%2Fw%2F1.0%2Fsd%3Fid%3D537148856%26val%3D%24%7BTM_USER_ID%7D:0
[   14437ms] [ERROR] Failed to load resource: net::ERR_NAME_NOT_RESOLVED @ https://sync-tm.everesttech.net/upi/pid/ny75r2x0?redir=https%3A%2F%2Fus-u.openx.net%2Fw%2F1.0%2Fsd%3Fid%3D537148856%26val%3D%24%7BTM_USER_ID%7D:0
[   14481ms] [ERROR] Failed to load resource: net::ERR_NAME_NOT_RESOLVED @ https://ut.pubmatic.com/geo?pubid=157743:0
[   14516ms] [ERROR] Failed to load resource: the server responded with a status of 400 () @ https://match.prod.bidr.io/cookie-sync/see:0
[    8746ms] [ERROR] Failed to load resource: net::ERR_NAME_NOT_RESOLVED @ https://ib.adnxs.com/getuid?https%3A%2F%2Fonetag-sys.com%2Fmatch%2F%3Fint_id%3D98%26uid%3D$UID&gdpr=1&gdpr_consent=:0
[    8747ms] [ERROR] Failed to load resource: net::ERR_NAME_NOT_RESOLVED @ https://user-sync.fwmrm.net/ad/u?mode=echo&cr=https%3A%2F%2Fonetag-sys.com%2Fmatch%2F%3Fint_id%3D3%26gdpr%3D1%26gdpr_consent%3D%26uid%3D#{user.id}:0
[    8749ms] [ERROR] Failed to load resource: net::ERR_NAME_NOT_RESOLVED @ https://pixel.rubiconproject.com/tap.php?v=223352&nid=4584&put=pJEdxDzUDKBGR17JZYseQ4DeqX29BysqLigzCDCi42s:0
[    8750ms] [ERROR] Failed to load resource: net::ERR_NAME_NOT_RESOLVED @ https://image8.pubmatic.com/AdServer/ImgSync?p=159706&gdpr=1&gdpr_consent=&us_privacy=&pu=https%3A%2F%2Fonetag-sys.com%2Fmatch%2F%3Fint_id%3D114%26gdpr%3D1%26gdpr_consent%3D%26uid%3D%23PMUID:0
[   14581ms] [ERROR] Failed to load resource: net::ERR_NAME_NOT_RESOLVED @ https://pixel.rubiconproject.com/tap.php?v=223352&nid=4584&put=1kEU6z1L6rVQaaf9NHKw5hx_Vb5omAkyuFBs4T4omHU:0
[   14582ms] [ERROR] Failed to load resource: net::ERR_NAME_NOT_RESOLVED @ https://user-sync.fwmrm.net/ad/u?mode=echo&cr=https%3A%2F%2Fonetag-sys.com%2Fmatch%2F%3Fint_id%3D3%26gdpr%3D1%26gdpr_consent%3D%26uid%3D#{user.id}:0
[   14582ms] [ERROR] Failed to load resource: net::ERR_NAME_NOT_RESOLVED @ https://ib.adnxs.com/getuid?https%3A%2F%2Fonetag-sys.com%2Fmatch%2F%3Fint_id%3D98%26uid%3D$UID&gdpr=1&gdpr_consent=:0
[   14583ms] [ERROR] Failed to load resource: net::ERR_NAME_NOT_RESOLVED @ https://image8.pubmatic.com/AdServer/ImgSync?p=159706&gdpr=1&gdpr_consent=&us_privacy=&pu=https%3A%2F%2Fonetag-sys.com%2Fmatch%2F%3Fint_id%3D114%26gdpr%3D1%26gdpr_consent%3D%26uid%3D%23PMUID:0
[   16206ms] [ERROR] %cSilverSurfer | 16.1728s | Cross domain timeout background-color: silver;;padding: 2px 4px;border-radius: 2px;color: #300 @ https://static.wikia.nocookie.net/silversurfer/prod/latest/sdk.js:0
[   18277ms] [ERROR] Failed to load resource: net::ERR_CONNECTION_REFUSED @ https://cs.nex8.net/cs/openx?gdpr=0&gdpr_consent=null:0
[   18277ms] [ERROR] Failed to load resource: net::ERR_CONNECTION_REFUSED @ https://cs.nex8.net/cs/openx:0
[   19044ms] [ERROR] Failed to load resource: net::ERR_NAME_NOT_RESOLVED @ https://ap.lijit.com/pixel?redir=https%3A%2F%2Fid5-sync.com%2Fc%2F1139%2F181%2F4%2F5.gif%3Fpuid%3D%24UID%26gdpr%3D0%26gdpr_consent%3D&sovrn_retry=true&gdpr=0&gdpr_consent=:0
[   20218ms] [ERROR] Failed to load resource: the server responded with a status of 404 () @ https://id5-sync.com/k/285.gif?puid=MLIQ13JB-D-E9A9&gdpr=0:0
[   23786ms] [ERROR] Failed to load resource: net::ERR_NAME_NOT_RESOLVED @ https://ap.lijit.com/pixel?gdpr=0&gdpr_consent=&redir=https%3A%2F%2Fsync.inmobi.com%2Fsetuid%3FbidderID%3D13%26dspUserId%3D%24UID:0
[   26129ms] [ERROR] Failed to load resource: net::ERR_NAME_NOT_RESOLVED @ https://ps.eyeota.net/match?bid=d9gd6cu&uid=ID5-3-35a001b8-5e62-488e-be82-d1e12192ace6:0
[   26131ms] [ERROR] Failed to load resource: net::ERR_NAME_NOT_RESOLVED @ https://ap.lijit.com/pixel?gdpr=0&gdpr_consent=&redir=https%3A%2F%2Fsync.inmobi.com%2Fsetuid%3FbidderID%3D13%26dspUserId%3D%24UID:0
[   26147ms] [ERROR] Failed to load resource: the server responded with a status of 424 (Failed Dependency) @ https://t.adx.opera.com/pub/sync?pubid=pub10101531197440&gdpr=1&gdpr_consent=:0
[   26769ms] [ERROR] Failed to load resource: the server responded with a status of 424 (Failed Dependency) @ https://t.adx.opera.com/pub/sync?pubid=pub10101531197440&gdpr=1&gdpr_consent=:0
[    7279ms] [ERROR] Failed to load resource: net::ERR_NAME_NOT_RESOLVED @ https://ut.pubmatic.com/geo?pubid=156592:0
[    8344ms] [ERROR] Failed to load resource: net::ERR_NAME_NOT_RESOLVED @ https://ut.pubmatic.com/geo?pubid=156011:0
[    8345ms] [ERROR] Failed to load resource: net::ERR_NAME_NOT_RESOLVED @ https://ut.pubmatic.com/geo?pubid=156592:0
[    8346ms] [ERROR] Failed to load resource: net::ERR_NAME_NOT_RESOLVED @ https://ut.pubmatic.com/geo?pubid=95054:0
[    8346ms] [ERROR] Failed to load resource: net::ERR_NAME_NOT_RESOLVED @ https://image6.pubmatic.com/AdServer/PugMaster?sec=1&async=1&kdntuid=1&rnd=4414742&p=156592&s=0&a=0&ptask=ALL&np=0&fp=0&rp=0&mpc=0&spug=1&coppa=0&gdpr=0&gdpr_consent=&us_privacy=&gpp=&gpp_sid=:0
[    8471ms] [ERROR] Failed to load resource: net::ERR_NAME_NOT_RESOLVED @ https://ut.pubmatic.com/geo?pubid=156011:0
[    8473ms] [ERROR] Failed to load resource: net::ERR_NAME_NOT_RESOLVED @ https://ut.pubmatic.com/geo?pubid=95054:0
[    8682ms] [ERROR] Failed to load resource: net::ERR_NAME_NOT_RESOLVED @ https://ut.pubmatic.com/geo?pubid=156011:0
[    8727ms] [ERROR] Failed to load resource: net::ERR_NAME_NOT_RESOLVED @ https://ut.pubmatic.com/geo?pubid=156011:0
[    8781ms] [ERROR] Failed to load resource: net::ERR_NAME_NOT_RESOLVED @ https://ut.pubmatic.com/geo?pubid=156011:0
[    8826ms] [ERROR] Failed to load resource: net::ERR_NAME_NOT_RESOLVED @ https://ut.pubmatic.com/geo?pubid=156011:0
[   10750ms] [ERROR] Failed to load resource: net::ERR_NAME_NOT_RESOLVED @ https://ut.pubmatic.com/geo?pubid=156260:0
[   10756ms] [ERROR] Failed to load resource: net::ERR_NAME_NOT_RESOLVED @ https://image6.pubmatic.com/AdServer/PugMaster?sec=1&async=1&kdntuid=1&rnd=37381281&p=156260&s=0&a=0&ptask=ALL&np=0&fp=0&rp=0&mpc=0&spug=1&coppa=0&gdpr=0&gdpr_consent=&us_privacy=&gpp=&gpp_sid=:0
[   10846ms] [ERROR] Failed to load resource: net::ERR_NAME_NOT_RESOLVED @ https://ut.pubmatic.com/geo?pubid=156260:0
[   14393ms] [ERROR] Failed to load resource: net::ERR_NAME_NOT_RESOLVED @ https://ut.pubmatic.com/geo?pubid=157743:0
[   14397ms] [ERROR] Failed to load resource: net::ERR_NAME_NOT_RESOLVED @ https://image6.pubmatic.com/AdServer/PugMaster?sec=1&async=1&kdntuid=1&rnd=21990864&p=157743&s=0&a=0&ptask=ALL&np=0&fp=0&rp=0&mpc=0&spug=1&coppa=0&gdpr=0&gdpr_consent=&us_privacy=&gpp=&gpp_sid=:0
[   14481ms] [ERROR] Failed to load resource: net::ERR_NAME_NOT_RESOLVED @ https://ut.pubmatic.com/geo?pubid=157743:0
[   27998ms] [ERROR] Failed to load resource: net::ERR_NAME_NOT_RESOLVED @ https://image8.pubmatic.com/AdServer/ImgSync?p=158355&gdpr=0&us_privacy=1---&pu=https%3A%2F%2Fsync.a-mo.net%2Fcchain%2F1%2F27750%3Fgpp%3D%26gdpr_consent%3D%26gdpr%3D%26gpp_sid%3D%26us_privacy%3D%26A%3Df70ae374-8ddf-41df-a0ce-6d05fe1ff08d%26bidder%3Dpubmatic%26cbx%3DLy9zeW5jLmFka2VybmVsLmNvbS91c2VyLXN5bmM_em9uZT0yNjMxMTcmZHNwPTY1Nzc3OSZ0PWltYWdlJnVpZD0%253D%26uid%3D%23PMUID:0
[   28217ms] [ERROR] Failed to load resource: net::ERR_NAME_NOT_RESOLVED @ https://dps.jp.cinarra.com/pxd?PLATFORM_ID=1&USER_ID=5e9eccbf-c434-85d8-c27d-0c7dc5ff802e:0
[   28217ms] [ERROR] Failed to load resource: net::ERR_NAME_NOT_RESOLVED @ https://dps.jp.cinarra.com/pxd?PLATFORM_ID=1&USER_ID=5e9eccbf-c434-85d8-c27d-0c7dc5ff802e&gdpr=0&gdpr_consent=null:0
[   28224ms] [ERROR] Failed to load resource: net::ERR_NAME_NOT_RESOLVED @ https://dps.jp.cinarra.com/pxd?PLATFORM_ID=1&USER_ID=5e9eccbf-c434-85d8-c27d-0c7dc5ff802e:0
[   28284ms] [ERROR] Failed to load resource: the server responded with a status of 403 () @ https://sync.intentiq.com/profiles_engine/ProfilesEngineServlet?at=20&mi=10&dpi=1380607794:0
[   28385ms] [ERROR] Failed to load resource: net::ERR_NAME_NOT_RESOLVED @ https://pixel.rubiconproject.com/tap.php?v=31950&nid=2974&put=y-ECE7fKhE2oKccC5l2fO0vj0.ttfcJN0AJrvtjA--~A&gdpr=0:0
[   28729ms] [ERROR] Failed to load resource: the server responded with a status of 400 () @ https://cs.ingage.tech/v1/sync/equative/72961b5f-a379-4263-8ad4-0ff0d26e8844?uid=:0
[   14301ms] [ERROR] Failed to load resource: net::ERR_NAME_NOT_RESOLVED @ https://ib.adnxs.com/getuid?https://s.seedtag.com/cs/cookiesync/appnexus?channeluid=$UID&consent=1:0
[   14322ms] [ERROR] Failed to load resource: net::ERR_NAME_NOT_RESOLVED @ https://ap.lijit.com/pixel?gdpr=0&gdpr_consent=&us_privacy=&gpp=&gpp_sid=&redir=https%3A%2F%2Fs.seedtag.com%2Fcs%2Fcookiesync%2Fsovrn%3Fchanneluid%3D%24UID:0
[   28754ms] [ERROR] Failed to load resource: net::ERR_NAME_NOT_RESOLVED @ https://ap.lijit.com/pixel?redir=https%3A%2F%2Fsea1-sync.a-mo.net%2Fsetuid%3FA%3Df70ae374-8ddf-41df-a0ce-6d05fe1ff08d%26bidder%3Dsovrn%26uid%3D%24UID:0
[   28754ms] [ERROR] Failed to load resource: net::ERR_NAME_NOT_RESOLVED @ https://image8.pubmatic.com/AdServer/ImgSync?p=158355&pu=https%3A%2F%2Fsea1-sync.a-mo.net%2Fsetuid%3FA%3Df70ae374-8ddf-41df-a0ce-6d05fe1ff08d%26bidder%3Dpubmatic%26uid%3D%23PMUID:0
[   28754ms] [ERROR] Failed to load resource: net::ERR_NAME_NOT_RESOLVED @ https://pixel.rubiconproject.com/exchange/sync.php?p=pbs-adaptmx&:0
[   28756ms] [ERROR] Failed to load resource: net::ERR_NAME_NOT_RESOLVED @ https://ib.adnxs.com/getuid?https%3A%2F%2Fsea1-sync.a-mo.net%2Fsetuid%3FA%3Df70ae374-8ddf-41df-a0ce-6d05fe1ff08d%26bidder%3Dappnexus%26uid%3D%24UID:0
[   30496ms] [ERROR] Failed to load resource: net::ERR_NAME_NOT_RESOLVED @ https://match.rundsp.com/redirect?ex=openx:0
[   30498ms] [ERROR] Failed to load resource: net::ERR_NAME_NOT_RESOLVED @ https://match.rundsp.com/redirect?ex=openx:0
[   30531ms] [ERROR] Failed to load resource: net::ERR_NAME_NOT_RESOLVED @ https://ib.adnxs.com/async_usersync?cbfn=queuePixels:0
[   30651ms] [ERROR] Failed to load resource: net::ERR_NAME_NOT_RESOLVED @ https://ap.lijit.com/pixel?&gdpr=0&us_privacy=1---&redir=https%3A%2F%2Fsync.a-mo.net%2Fcchain%2F1%2F16066%3Fgpp%3D%26gdpr_consent%3D%26gdpr%3D%26gpp_sid%3D%26us_privacy%3D%26A%3Df70ae374-8ddf-41df-a0ce-6d05fe1ff08d%26bidder%3Dsovrn%26cbx%3DaHR0cHM6Ly9tZWFzdXJlYWR2LmNvbS91c2VyQmFjaz9nZHByPSU3QkdEUFIlN0QmZ2Rwcl9jb25zZW50PSU3QkdEUFJfQ09OU0VOVCU3RCZwPTEmdWlkPQ%253D%253D%26uid%3D%24UID:0
[   30853ms] [ERROR] Failed to load resource: net::ERR_NAME_NOT_RESOLVED @ https://ib.adnxs.com/getuid?https%3A%2F%2Fsync.a-mo.net%2Fcchain%2F7%2F34750%3Fgpp%3D%26gdpr_consent%3D%26gdpr%3D%26gpp_sid%3D%26us_privacy%3D%26A%3Df70ae374-8ddf-41df-a0ce-6d05fe1ff08d%26bidder%3Dappnexus%26cbx%3DaHR0cHM6Ly9tZWFzdXJlYWR2LmNvbS91c2VyQmFjaz9nZHByPSU3QkdEUFIlN0QmZ2Rwcl9jb25zZW50PSU3QkdEUFJfQ09OU0VOVCU3RCZwPTEmdWlkPQ%253D%253D%26uid%3D%24UID:0
[   31532ms] [ERROR] Failed to load resource: net::ERR_NAME_NOT_RESOLVED @ https://ib.adnxs.com/async_usersync?cbfn=queuePixels:0
[   35466ms] [ERROR] Failed to load resource: net::ERR_NAME_NOT_RESOLVED @ https://pixel.rubiconproject.com/exchange/sync.php?p=12776:0
[   35475ms] [ERROR] Failed to load resource: net::ERR_NAME_NOT_RESOLVED @ https://image8.pubmatic.com/AdServer/ImgSync?p=160318&gdpr=&gdpr_consent=&pu=https%3A%2F%2Fimage4.pubmatic.com%2FAdServer%2FSPug%3Fp%3D160318%26pmc%3DPM_PMC%26pr%3Dhttps%253A%252F%252Fevt.undertone.com%252FuserPixel%252Fsync%253FpartnerId%253D53%2526uid%253D%2523PMUID:0
[   35475ms] [ERROR] Failed to load resource: net::ERR_NAME_NOT_RESOLVED @ https://sync.cootlogix.com/api/user/image/55537adc33d1b40300987e8e?gdpr=&gdpr_consent=&redirect=https%3A%2F%2Fevt.undertone.com%2FuserPixel%2Fsync%3FpartnerId%3D59%26uid%3D%24%7BvdzUserSyncMacro%7D:0
[   12929ms] [ERROR] Failed to load resource: net::ERR_NAME_NOT_RESOLVED @ https://pixel.rubiconproject.com/exchange/sync.php?p=a9us&gdpr=0:0
[   12931ms] [ERROR] Failed to load resource: net::ERR_NAME_NOT_RESOLVED @ https://pixel.rubiconproject.com/exchange/sync.php?p=sovrn&gdpr=0:0
[   12934ms] [ERROR] Failed to load resource: net::ERR_NAME_NOT_RESOLVED @ https://pixel.rubiconproject.com/exchange/sync.php?p=19564&gdpr=0:0
[   12936ms] [ERROR] Failed to load resource: net::ERR_NAME_NOT_RESOLVED @ https://pixel.rubiconproject.com/exchange/sync.php?p=pbs-apn&gdpr=0:0
[   12940ms] [ERROR] Failed to load resource: net::ERR_NAME_NOT_RESOLVED @ https://sync.ipredictive.com/d/sync/cookie/generic?https://pixel.rubiconproject.com/tap.php?v=17149&nid=2861&put=${ADELPHIC_CUID}&expires=30&gdpr=0:0
[   12943ms] [ERROR] Failed to load resource: net::ERR_NAME_NOT_RESOLVED @ https://pixel.rubiconproject.com/tap.php?v=7751&nid=2249&expires=30&gdpr=0&put=CAESEDMQAnxKsBrEBscN7uERTTM&google_cver=1:0
[   12970ms] [ERROR] Failed to load resource: net::ERR_NAME_NOT_RESOLVED @ https://pixel.rubiconproject.com/tap.php?v=8981&nid=2307&put=d4264820-49f8-4b2d-aa29-45f2944aa5b9&gdpr=0&gdpr_consent=&expires=30:0
[   13304ms] [ERROR] Failed to load resource: net::ERR_NAME_NOT_RESOLVED @ https://pixel.rubiconproject.com/exchange/sync.php?p=dfp&gdpr=0&google_gid=CAESEPd1_m2sNzuPg2HQfUuoLAw&google_cver=1:0
[   13614ms] [ERROR] Failed to load resource: net::ERR_NAME_NOT_RESOLVED @ https://pixel.rubiconproject.com/tap.php?v=183462&nid=4114&put=AAEJr07TGj4AAAA8Sfy3kA&expires=30&gdpr=0:0
[   28385ms] [ERROR] Failed to load resource: net::ERR_NAME_NOT_RESOLVED @ https://pixel.rubiconproject.com/tap.php?v=31950&nid=2974&put=y-ECE7fKhE2oKccC5l2fO0vj0.ttfcJN0AJrvtjA--~A&gdpr=0:0
[   35564ms] [ERROR] Failed to load resource: net::ERR_NAME_NOT_RESOLVED @ https://pixel.rubiconproject.com/exchange/sync.php?p=12776&khaos=MLIQ13JB-D-E9A9:0
[   39272ms] [ERROR] Failed to load resource: net::ERR_NAME_NOT_RESOLVED @ https://sync-tm.everesttech.net/upi/pid/5w3jqr4k?redir=https%3A%2F%2Fcm.g.doubleclick.net%2Fpixel%3Fgoogle_nid%3Dg8f47s39e399f3fe%26google_hm%3D%24%7BTM_USER_ID_BASE64ENC_URLENC%7D&google_gid=CAESEDuCMLIFPPG4pANo0zolW7c&google_cver=1&google_push=AXcoOmSntFsUl5Dbd_rH0svck4XbcpjqtxiZlwkW8eQZPuII1pKdv8HY5VOBDNfs4kSjPDi4kOIYFpbPAnj5ezY_GwHN5j9pqQB2:0
[   39275ms] [ERROR] Failed to load resource: net::ERR_NAME_NOT_RESOLVED @ https://ssbsync.smartadserver.com/api/sync?callerId=3&google_gid=CAESEJYuZ1SCGEpj4oivG2dpS30&google_cver=1&google_push=AXcoOmTnw70HrVugyyMzUARBEAYwv04-PklGfZDUhGlqJlcMccrnyaX_DItGE_NyzE9hnyiUtWKTmq-wK1G_mIyrMbQFjHiLwLpY:0
[    5949ms] [ERROR] Attestation check for Shared Storage on https://www.googleadservices.com failed. @ https://www.googleadservices.com/pagead/managed/js/activeview/current/reach_worklet.html:0
[    5958ms] [ERROR] Attestation check for Shared Storage on https://www.googleadservices.com failed. @ https://www.googleadservices.com/pagead/managed/js/activeview/current/reach_worklet.html:0
[    5959ms] [ERROR] Attestation check for Shared Storage on https://www.googleadservices.com failed. @ https://www.googleadservices.com/pagead/managed/js/activeview/current/reach_worklet.html:0
[    6148ms] [ERROR] Attestation check for Shared Storage on https://www.googleadservices.com failed. @ https://www.googleadservices.com/pagead/managed/js/activeview/current/reach_worklet.html:0
[    7488ms] [ERROR] Attestation check for Shared Storage on https://www.googleadservices.com failed. @ https://www.googleadservices.com/pagead/managed/js/activeview/current/reach_worklet.html:0
[   39420ms] [ERROR] Attestation check for Shared Storage on https://www.googleadservices.com failed. @ https://www.googleadservices.com/pagead/managed/js/activeview/current/reach_worklet.html:0
[    5949ms] [ERROR] Attestation check for Shared Storage on https://www.googleadservices.com failed. @ https://www.googleadservices.com/pagead/managed/js/activeview/current/reach_worklet.html:0
[    5958ms] [ERROR] Attestation check for Shared Storage on https://www.googleadservices.com failed. @ https://www.googleadservices.com/pagead/managed/js/activeview/current/reach_worklet.html:0
[    5959ms] [ERROR] Attestation check for Shared Storage on https://www.googleadservices.com failed. @ https://www.googleadservices.com/pagead/managed/js/activeview/current/reach_worklet.html:0
[    6148ms] [ERROR] Attestation check for Shared Storage on https://www.googleadservices.com failed. @ https://www.googleadservices.com/pagead/managed/js/activeview/current/reach_worklet.html:0
[    7488ms] [ERROR] Attestation check for Shared Storage on https://www.googleadservices.com failed. @ https://www.googleadservices.com/pagead/managed/js/activeview/current/reach_worklet.html:0
[   39420ms] [ERROR] Attestation check for Shared Storage on https://www.googleadservices.com failed. @ https://www.googleadservices.com/pagead/managed/js/activeview/current/reach_worklet.html:0
[   39813ms] [ERROR] Attestation check for Shared Storage on https://www.googleadservices.com failed. @ https://www.googleadservices.com/pagead/managed/js/activeview/current/reach_worklet.html:0
[    5949ms] [ERROR] Attestation check for Shared Storage on https://www.googleadservices.com failed. @ https://www.googleadservices.com/pagead/managed/js/activeview/current/reach_worklet.html:0
[    5958ms] [ERROR] Attestation check for Shared Storage on https://www.googleadservices.com failed. @ https://www.googleadservices.com/pagead/managed/js/activeview/current/reach_worklet.html:0
[    5959ms] [ERROR] Attestation check for Shared Storage on https://www.googleadservices.com failed. @ https://www.googleadservices.com/pagead/managed/js/activeview/current/reach_worklet.html:0
[    6148ms] [ERROR] Attestation check for Shared Storage on https://www.googleadservices.com failed. @ https://www.googleadservices.com/pagead/managed/js/activeview/current/reach_worklet.html:0
[    7488ms] [ERROR] Attestation check for Shared Storage on https://www.googleadservices.com failed. @ https://www.googleadservices.com/pagead/managed/js/activeview/current/reach_worklet.html:0
[   39420ms] [ERROR] Attestation check for Shared Storage on https://www.googleadservices.com failed. @ https://www.googleadservices.com/pagead/managed/js/activeview/current/reach_worklet.html:0
[   39813ms] [ERROR] Attestation check for Shared Storage on https://www.googleadservices.com failed. @ https://www.googleadservices.com/pagead/managed/js/activeview/current/reach_worklet.html:0
[   40322ms] [ERROR] Attestation check for Shared Storage on https://www.googleadservices.com failed. @ https://www.googleadservices.com/pagead/managed/js/activeview/current/reach_worklet.html:0
